
> @shopping-app/auth-service@1.0.0 dev /Users/siddharthy/Shweta-S/Learn/shopping-app/services/auth-service
> nodemon

[33m[nodemon] 3.1.11[39m
[33m[nodemon] to restart at any time, enter `rs`[39m
[33m[nodemon] watching path(s): src/**/*[39m
[33m[nodemon] watching extensions: ts[39m
[32m[nodemon] starting `ts-node src/server.ts`[39m
/Users/siddharthy/Shweta-S/Learn/shopping-app/node_modules/.pnpm/ts-node@10.9.2_@types+node@20.19.27_typescript@5.9.3/node_modules/ts-node/src/index.ts:859
    return new TSError(diagnosticText, diagnosticCodes, diagnostics);
           ^
TSError: â¨¯ Unable to compile TypeScript:
src/server.ts(8,31): error TS7016: Could not find a declaration file for module '@shopping-app/config'. '/Users/siddharthy/Shweta-S/Learn/shopping-app/packages/config/dist/index.js' implicitly has an 'any' type.

    at createTSError (/Users/siddharthy/Shweta-S/Learn/shopping-app/node_modules/.pnpm/ts-node@10.9.2_@types+node@20.19.27_typescript@5.9.3/node_modules/ts-node/src/index.ts:859:12)
    at reportTSError (/Users/siddharthy/Shweta-S/Learn/shopping-app/node_modules/.pnpm/ts-node@10.9.2_@types+node@20.19.27_typescript@5.9.3/node_modules/ts-node/src/index.ts:863:19)
    at getOutput (/Users/siddharthy/Shweta-S/Learn/shopping-app/node_modules/.pnpm/ts-node@10.9.2_@types+node@20.19.27_typescript@5.9.3/node_modules/ts-node/src/index.ts:1077:36)
    at Object.compile (/Users/siddharthy/Shweta-S/Learn/shopping-app/node_modules/.pnpm/ts-node@10.9.2_@types+node@20.19.27_typescript@5.9.3/node_modules/ts-node/src/index.ts:1433:41)
    at Module.m._compile (/Users/siddharthy/Shweta-S/Learn/shopping-app/node_modules/.pnpm/ts-node@10.9.2_@types+node@20.19.27_typescript@5.9.3/node_modules/ts-node/src/index.ts:1617:30)
    at Module._extensions..js (node:internal/modules/cjs/loader:1623:10)
    at Object.require.extensions.<computed> [as .ts] (/Users/siddharthy/Shweta-S/Learn/shopping-app/node_modules/.pnpm/ts-node@10.9.2_@types+node@20.19.27_typescript@5.9.3/node_modules/ts-node/src/index.ts:1621:12)
    at Module.load (node:internal/modules/cjs/loader:1266:32)
    at Function.Module._load (node:internal/modules/cjs/loader:1091:12)
    at Function.executeUserEntryPoint [as runMain] (node:internal/modules/run_main:164:12) {
  diagnosticCodes: [ 7016 ]
}
[31m[nodemon] app crashed - waiting for file changes before starting...[39m
[32m[nodemon] restarting child process[39m
[32m[nodemon] starting `ts-node src/server.ts`[39m
[32m[nodemon] restarting child process[39m
[32m[nodemon] starting `ts-node src/server.ts`[39m
/Users/siddharthy/Shweta-S/Learn/shopping-app/node_modules/.pnpm/ts-node@10.9.2_@types+node@20.19.27_typescript@5.9.3/node_modules/ts-node/src/index.ts:859
    return new TSError(diagnosticText, diagnosticCodes, diagnostics);
           ^
TSError: â¨¯ Unable to compile TypeScript:
src/server.ts(8,31): error TS7016: Could not find a declaration file for module '@shopping-app/config'. '/Users/siddharthy/Shweta-S/Learn/shopping-app/packages/config/dist/index.js' implicitly has an 'any' type.

    at createTSError (/Users/siddharthy/Shweta-S/Learn/shopping-app/node_modules/.pnpm/ts-node@10.9.2_@types+node@20.19.27_typescript@5.9.3/node_modules/ts-node/src/index.ts:859:12)
    at reportTSError (/Users/siddharthy/Shweta-S/Learn/shopping-app/node_modules/.pnpm/ts-node@10.9.2_@types+node@20.19.27_typescript@5.9.3/node_modules/ts-node/src/index.ts:863:19)
    at getOutput (/Users/siddharthy/Shweta-S/Learn/shopping-app/node_modules/.pnpm/ts-node@10.9.2_@types+node@20.19.27_typescript@5.9.3/node_modules/ts-node/src/index.ts:1077:36)
    at Object.compile (/Users/siddharthy/Shweta-S/Learn/shopping-app/node_modules/.pnpm/ts-node@10.9.2_@types+node@20.19.27_typescript@5.9.3/node_modules/ts-node/src/index.ts:1433:41)
    at Module.m._compile (/Users/siddharthy/Shweta-S/Learn/shopping-app/node_modules/.pnpm/ts-node@10.9.2_@types+node@20.19.27_typescript@5.9.3/node_modules/ts-node/src/index.ts:1617:30)
    at Module._extensions..js (node:internal/modules/cjs/loader:1623:10)
    at Object.require.extensions.<computed> [as .ts] (/Users/siddharthy/Shweta-S/Learn/shopping-app/node_modules/.pnpm/ts-node@10.9.2_@types+node@20.19.27_typescript@5.9.3/node_modules/ts-node/src/index.ts:1621:12)
    at Module.load (node:internal/modules/cjs/loader:1266:32)
    at Function.Module._load (node:internal/modules/cjs/loader:1091:12)
    at Function.executeUserEntryPoint [as runMain] (node:internal/modules/run_main:164:12) {
  diagnosticCodes: [ 7016 ]
}
[31m[nodemon] app crashed - waiting for file changes before starting...[39m
[32m[nodemon] restarting due to changes...[39m
[32m[nodemon] starting `ts-node src/server.ts`[39m
[32m[nodemon] restarting due to changes...[39m
[32m[nodemon] starting `ts-node src/server.ts`[39m
/Users/siddharthy/Shweta-S/Learn/shopping-app/node_modules/.pnpm/ts-node@10.9.2_@types+node@20.19.27_typescript@5.9.3/node_modules/ts-node/src/index.ts:859
    return new TSError(diagnosticText, diagnosticCodes, diagnostics);
           ^
TSError: â¨¯ Unable to compile TypeScript:
src/server.ts(8,31): error TS7016: Could not find a declaration file for module '@shopping-app/config'. '/Users/siddharthy/Shweta-S/Learn/shopping-app/packages/config/dist/index.js' implicitly has an 'any' type.

    at createTSError (/Users/siddharthy/Shweta-S/Learn/shopping-app/node_modules/.pnpm/ts-node@10.9.2_@types+node@20.19.27_typescript@5.9.3/node_modules/ts-node/src/index.ts:859:12)
    at reportTSError (/Users/siddharthy/Shweta-S/Learn/shopping-app/node_modules/.pnpm/ts-node@10.9.2_@types+node@20.19.27_typescript@5.9.3/node_modules/ts-node/src/index.ts:863:19)
    at getOutput (/Users/siddharthy/Shweta-S/Learn/shopping-app/node_modules/.pnpm/ts-node@10.9.2_@types+node@20.19.27_typescript@5.9.3/node_modules/ts-node/src/index.ts:1077:36)
    at Object.compile (/Users/siddharthy/Shweta-S/Learn/shopping-app/node_modules/.pnpm/ts-node@10.9.2_@types+node@20.19.27_typescript@5.9.3/node_modules/ts-node/src/index.ts:1433:41)
    at Module.m._compile (/Users/siddharthy/Shweta-S/Learn/shopping-app/node_modules/.pnpm/ts-node@10.9.2_@types+node@20.19.27_typescript@5.9.3/node_modules/ts-node/src/index.ts:1617:30)
    at Module._extensions..js (node:internal/modules/cjs/loader:1623:10)
    at Object.require.extensions.<computed> [as .ts] (/Users/siddharthy/Shweta-S/Learn/shopping-app/node_modules/.pnpm/ts-node@10.9.2_@types+node@20.19.27_typescript@5.9.3/node_modules/ts-node/src/index.ts:1621:12)
    at Module.load (node:internal/modules/cjs/loader:1266:32)
    at Function.Module._load (node:internal/modules/cjs/loader:1091:12)
    at Function.executeUserEntryPoint [as runMain] (node:internal/modules/run_main:164:12) {
  diagnosticCodes: [ 7016 ]
}
[31m[nodemon] app crashed - waiting for file changes before starting...[39m
[32m[nodemon] restarting due to changes...[39m
[32m[nodemon] starting `ts-node src/server.ts`[39m
/Users/siddharthy/Shweta-S/Learn/shopping-app/node_modules/.pnpm/ts-node@10.9.2_@types+node@20.19.27_typescript@5.9.3/node_modules/ts-node/src/index.ts:859
    return new TSError(diagnosticText, diagnosticCodes, diagnostics);
           ^
TSError: â¨¯ Unable to compile TypeScript:
src/server.ts(8,31): error TS7016: Could not find a declaration file for module '@shopping-app/config'. '/Users/siddharthy/Shweta-S/Learn/shopping-app/packages/config/dist/index.js' implicitly has an 'any' type.

    at createTSError (/Users/siddharthy/Shweta-S/Learn/shopping-app/node_modules/.pnpm/ts-node@10.9.2_@types+node@20.19.27_typescript@5.9.3/node_modules/ts-node/src/index.ts:859:12)
    at reportTSError (/Users/siddharthy/Shweta-S/Learn/shopping-app/node_modules/.pnpm/ts-node@10.9.2_@types+node@20.19.27_typescript@5.9.3/node_modules/ts-node/src/index.ts:863:19)
    at getOutput (/Users/siddharthy/Shweta-S/Learn/shopping-app/node_modules/.pnpm/ts-node@10.9.2_@types+node@20.19.27_typescript@5.9.3/node_modules/ts-node/src/index.ts:1077:36)
    at Object.compile (/Users/siddharthy/Shweta-S/Learn/shopping-app/node_modules/.pnpm/ts-node@10.9.2_@types+node@20.19.27_typescript@5.9.3/node_modules/ts-node/src/index.ts:1433:41)
    at Module.m._compile (/Users/siddharthy/Shweta-S/Learn/shopping-app/node_modules/.pnpm/ts-node@10.9.2_@types+node@20.19.27_typescript@5.9.3/node_modules/ts-node/src/index.ts:1617:30)
    at Module._extensions..js (node:internal/modules/cjs/loader:1623:10)
    at Object.require.extensions.<computed> [as .ts] (/Users/siddharthy/Shweta-S/Learn/shopping-app/node_modules/.pnpm/ts-node@10.9.2_@types+node@20.19.27_typescript@5.9.3/node_modules/ts-node/src/index.ts:1621:12)
    at Module.load (node:internal/modules/cjs/loader:1266:32)
    at Function.Module._load (node:internal/modules/cjs/loader:1091:12)
    at Function.executeUserEntryPoint [as runMain] (node:internal/modules/run_main:164:12) {
  diagnosticCodes: [ 7016 ]
}
[31m[nodemon] app crashed - waiting for file changes before starting...[39m
[32m[nodemon] restarting due to changes...[39m
[32m[nodemon] starting `ts-node src/server.ts`[39m
/Users/siddharthy/Shweta-S/Learn/shopping-app/node_modules/.pnpm/ts-node@10.9.2_@types+node@20.19.27_typescript@5.9.3/node_modules/ts-node/src/index.ts:859
    return new TSError(diagnosticText, diagnosticCodes, diagnostics);
           ^
TSError: â¨¯ Unable to compile TypeScript:
src/server.ts(8,31): error TS7016: Could not find a declaration file for module '@shopping-app/config'. '/Users/siddharthy/Shweta-S/Learn/shopping-app/packages/config/dist/index.js' implicitly has an 'any' type.

    at createTSError (/Users/siddharthy/Shweta-S/Learn/shopping-app/node_modules/.pnpm/ts-node@10.9.2_@types+node@20.19.27_typescript@5.9.3/node_modules/ts-node/src/index.ts:859:12)
    at reportTSError (/Users/siddharthy/Shweta-S/Learn/shopping-app/node_modules/.pnpm/ts-node@10.9.2_@types+node@20.19.27_typescript@5.9.3/node_modules/ts-node/src/index.ts:863:19)
    at getOutput (/Users/siddharthy/Shweta-S/Learn/shopping-app/node_modules/.pnpm/ts-node@10.9.2_@types+node@20.19.27_typescript@5.9.3/node_modules/ts-node/src/index.ts:1077:36)
    at Object.compile (/Users/siddharthy/Shweta-S/Learn/shopping-app/node_modules/.pnpm/ts-node@10.9.2_@types+node@20.19.27_typescript@5.9.3/node_modules/ts-node/src/index.ts:1433:41)
    at Module.m._compile (/Users/siddharthy/Shweta-S/Learn/shopping-app/node_modules/.pnpm/ts-node@10.9.2_@types+node@20.19.27_typescript@5.9.3/node_modules/ts-node/src/index.ts:1617:30)
    at Module._extensions..js (node:internal/modules/cjs/loader:1623:10)
    at Object.require.extensions.<computed> [as .ts] (/Users/siddharthy/Shweta-S/Learn/shopping-app/node_modules/.pnpm/ts-node@10.9.2_@types+node@20.19.27_typescript@5.9.3/node_modules/ts-node/src/index.ts:1621:12)
    at Module.load (node:internal/modules/cjs/loader:1266:32)
    at Function.Module._load (node:internal/modules/cjs/loader:1091:12)
    at Function.executeUserEntryPoint [as runMain] (node:internal/modules/run_main:164:12) {
  diagnosticCodes: [ 7016 ]
}
[31m[nodemon] app crashed - waiting for file changes before starting...[39m
[32m[nodemon] restarting due to changes...[39m
[32m[nodemon] starting `ts-node src/server.ts`[39m
/Users/siddharthy/Shweta-S/Learn/shopping-app/node_modules/.pnpm/ts-node@10.9.2_@types+node@20.19.27_typescript@5.9.3/node_modules/ts-node/src/index.ts:859
    return new TSError(diagnosticText, diagnosticCodes, diagnostics);
           ^
TSError: â¨¯ Unable to compile TypeScript:
src/server.ts(8,31): error TS2307: Cannot find module '../../../../packages/config/src/ports' or its corresponding type declarations.

    at createTSError (/Users/siddharthy/Shweta-S/Learn/shopping-app/node_modules/.pnpm/ts-node@10.9.2_@types+node@20.19.27_typescript@5.9.3/node_modules/ts-node/src/index.ts:859:12)
    at reportTSError (/Users/siddharthy/Shweta-S/Learn/shopping-app/node_modules/.pnpm/ts-node@10.9.2_@types+node@20.19.27_typescript@5.9.3/node_modules/ts-node/src/index.ts:863:19)
    at getOutput (/Users/siddharthy/Shweta-S/Learn/shopping-app/node_modules/.pnpm/ts-node@10.9.2_@types+node@20.19.27_typescript@5.9.3/node_modules/ts-node/src/index.ts:1077:36)
    at Object.compile (/Users/siddharthy/Shweta-S/Learn/shopping-app/node_modules/.pnpm/ts-node@10.9.2_@types+node@20.19.27_typescript@5.9.3/node_modules/ts-node/src/index.ts:1433:41)
    at Module.m._compile (/Users/siddharthy/Shweta-S/Learn/shopping-app/node_modules/.pnpm/ts-node@10.9.2_@types+node@20.19.27_typescript@5.9.3/node_modules/ts-node/src/index.ts:1617:30)
    at Module._extensions..js (node:internal/modules/cjs/loader:1623:10)
    at Object.require.extensions.<computed> [as .ts] (/Users/siddharthy/Shweta-S/Learn/shopping-app/node_modules/.pnpm/ts-node@10.9.2_@types+node@20.19.27_typescript@5.9.3/node_modules/ts-node/src/index.ts:1621:12)
    at Module.load (node:internal/modules/cjs/loader:1266:32)
    at Function.Module._load (node:internal/modules/cjs/loader:1091:12)
    at Function.executeUserEntryPoint [as runMain] (node:internal/modules/run_main:164:12) {
  diagnosticCodes: [ 2307 ]
}
[31m[nodemon] app crashed - waiting for file change/Users/siddharthy/Shweta-S[32m[nodemon] restarting due to changes...[39m
[32m[nodemon] starting `ts-node src/server.ts`[39m
/Users/siddharthy/Shweta-S/Learn/shopping-app/node_modules/.pnpm/ts-node@10.9.2_@types+node@20.19.27_typescript@5.9.3/node_modules/ts-node/src/index.ts:859
    return new TSError(diagnosticText, diagnosticCodes, diagnostics);
           ^
TSError: â¨¯ Unable to compile TypeScript:
src/server.ts(8,31): error TS2307: Cannot find module '../../../../packages/config/src/ports' or its corresponding type declarations.

    at createTSError (/Users/siddharthy/Shweta-S/Learn/shopping-app/node_modules/.pnpm/ts-node@10.9.2_@types+node@20.19.27_typescript@5.9.3/node_modules/ts-node/src/index.ts:859:12)
    at reportTSError (/Users/siddharthy/Shweta-S/Learn/shopping-app/node_modules/.pnpm/ts-node@10.9.2_@types+node@20.19.27_typescript@5.9.3/node_modules/ts-node/src/index.ts:863:19)
    at getOutput (/Users/siddharthy/Shweta-S/Learn/shopping-app/node_modules/.pnpm/ts-node@10.9.2_@types+node@20.19.27_typescript@5.9.3/node_modules/ts-node/src/index.ts:1077:36)
    at Object.compile (/Users/siddharthy/Shweta-S/Learn/shopping-app/node_modules/.pnpm/ts-node@10.9.2_@types+node@20.19.27_typescript@5.9.3/node_modules/ts-node/src/index.ts:1433:41)
    at Module.m._compile (/Users/siddharthy/Shweta-S/Learn/shopping-app/node_modules/.pnpm/ts-node@10.9.2_@types+node@20.19.27_typescript@5.9.3/node_modules/ts-node/src/index.ts:1617:30)
    at Module._extensions..js (node:internal/modules/cjs/loader:1623:10)
    at Object.require.extensions.<computed> [as .ts] (/Users/siddharthy/Shweta-S/Learn/shopping-app/node_modules/.pnpm/ts-node@10.9.2_@types+node@20.19.27_typescript@5.9.3/node_modules/ts-node/src/index.ts:1621:12)
    at Module.load (node:internal/modules/cjs/loader:1266:32)
    at Function.Module._load (node:internal/modules/cjs/loader:1091:12)
    at Function.executeUserEntryPoint [as runMain] (node:internal/modules/run_main:164:12) {
  diagnosticCodes: [ 2307 ]
}
[31m[nodemon] app crashed - waiting for file change/Users/siddharthy/Shweta-S[32m[nodemon] restarting due to changes...[39m
[32m[nodemon] starting `ts-node src/server.ts`[39m
[32m[nodemon] restarting due to changes...[39m
[32m[nodemon] starting `ts-node src/server.ts`[39m
[32minfo[39m: Redis client connected {"service":"unknown-service","timestamp":"2025-12-20 09:41:39"}
[32minfo[39m: Database connected successfully {"service":"unknown-service","timestamp":"2025-12-20 09:41:39"}
Error: listen EADDRINUSE: address already in use :::4001
    at Server.setupListenHandle [as _listen2] (node:net:1908:16)
    at listenInCluster (node:net:1965:12)
    at Server.listen (node:net:2067:7)
    at Function.listen (/Users/siddharthy/Shweta-S/Learn/shopping-app/node_modules/.pnpm/express@4.22.1/node_modules/express/lib/application.js:635:24)
    at startServer (/Users/siddharthy/Shweta-S/Learn/shopping-app/services/auth-service/src/server.ts:18:9) {
  code: 'EADDRINUSE',
  errno: -48,
  syscall: 'listen',
  address: '::',
  port: 4001
}
[31m[nodemon] app crashed - waiting for file changes before starting...[39m
.19.27_typescript@5.9.3/node_modules/ts-node/src/index.ts:1433:41)
    at Module.m._compile (/Users/siddharthy/Shweta-S/Learn/shopping-app/node_modules/.pnpm/ts-node@10.9.2_@types+node@20.19.27_typescript@5.9.3/node_modules/ts-node/src/index.ts:1617:30)
    at Module._extensions..js (node:internal/modules/cjs/loader:1623:10)
    at Object.require.extensions.<computed> [as .ts] (/Users/siddharthy/Shweta-S/Learn/shopping-app/node_modules/.pnpm/ts-node@10.9.2_@types+node@20.19.27_typescript@5.9.3/node_modules/ts-node/src/index.ts:1621:12)
    at Module.load (node:internal/modules/cjs/loader:1266:32)
    at Function.Module._load (node:internal/modules/cjs/loader:1091:12)
    at Function.executeUserEntryPoint [as runMain] (node:internal/modules/run_main:164:12) {
  diagnosticCodes: [ 2307 ]
}
[31m[nodemon] app crashed - waiting for file changes before starting...[39m
[32m[nodemon] restarting due to changes...[39m
[32m[nodemon] starting `ts-node src/server.ts`[39m
[32m[nodemon] restarting due to changes...[39m
[32m[nodemon] starting `ts-node src/server.ts`[39m
[32minfo[39m: Redis client connected {"service":"unknown-service","timestamp":"2025-12-20 09:41:39"}
[32minfo[39m: Database connected successfully {"service":"unknown-service","timestamp":"2025-12-20 09:41:39"}
Error: listen EADDRINUSE: address already in use :::4001
    at Server.setupListenHandle [as _listen2] (node:net:1908:16)
    at listenInCluster (node:net:1965:12)
    at Server.listen (node:net:2067:7)
    at Function.listen (/Users/siddharthy/Shweta-S/Learn/shopping-app/node_modules/.pnpm/express@4.22.1/node_modules/express/lib/application.js:635:24)
    at startServer (/Users/siddharthy/Shweta-S/Learn/shopping-app/services/auth-service/src/server.ts:18:9) {
  code: 'EADDRINUSE',
  errno: -48,
  syscall: 'listen',
  address: '::',
  port: 4001
}
[31m[nodemon] app crashed - waiting for file changes before starting...[39m
â€‰ELIFECYCLEâ€‰ Command failed.
ith exit code 143.
/index.ts:1077:36)
    at Object.compile (/Users/siddharthy/Shweta-S/Learn/shopping-app/node_modules/.pnpm/ts-node@10.9.2_@types+node@20.19.27_typescript@5.9.3/node_modules/ts-node/src/index.ts:1433:41)
    at Module.m._compile (/Users/siddharthy/Shweta-S/Learn/shopping-app/node_modules/.pnpm/ts-node@10.9.2_@types+node@20.19.27_typescript@5.9.3/node_modules/ts-node/src/index.ts:1617:30)
    at Module._extensions..js (node:internal/modules/cjs/loader:1623:10)
    at Object.require.extensions.<computed> [as .ts] (/Users/siddharthy/Shweta-S/Learn/shopping-app/node_modules/.pnpm/ts-node@10.9.2_@types+node@20.19.27_typescript@5.9.3/node_modules/ts-node/src/index.ts:1621:12)
    at Module.load (node:internal/modules/cjs/loader:1266:32)
    at Function.Module._load (node:internal/modules/cjs/loader:1091:12)
    at Function.executeUserEntryPoint [as runMain] (node:internal/modules/run_main:164:12) {
  diagnosticCodes: [ 2307 ]
}
[31m[nodemon] app crashed - waiting for file changes before starting...[39m
[32m[nodemon] restarting due to changes...[39m
[32m[nodemon] starting `ts-node src/server.ts`[39m
[32m[nodemon] restarting due to changes...[39m
[32m[nodemon] starting `ts-node src/server.ts`[39m
[32minfo[39m: Redis client connected {"service":"unknown-service","timestamp":"2025-12-20 09:41:39"}
[32minfo[39m: Database connected successfully {"service":"unknown-service","timestamp":"2025-12-20 09:41:39"}
Error: listen EADDRINUSE: address already in use :::4001
    at Server.setupListenHandle [as _listen2] (node:net:1908:16)
    at listenInCluster (node:net:1965:12)
    at Server.listen (node:net:2067:7)
    at Function.listen (/Users/siddharthy/Shweta-S/Learn/shopping-app/node_modules/.pnpm/express@4.22.1/node_modules/express/lib/application.js:635:24)
    at startServer (/Users/siddharthy/Shweta-S/Learn/shopping-app/services/auth-service/src/server.ts:18:9) {
  code: 'EADDRINUSE',
  errno: -48,
  syscall: 'listen',
  address: '::',
  port: 4001
}
[31m[nodemon] app crashed - waiting for file changes before starting...[39m
